f:\work\cocos\lcocostool\proj.win32\debug.win32\actionex.obj
f:\work\cocos\lcocostool\proj.win32\debug.win32\tools.obj
f:\work\cocos\lcocostool\proj.win32\debug.win32\elasticlistview.obj
f:\work\cocos\lcocostool\proj.win32\debug.win32\lmessagebox.obj
f:\work\cocos\lcocostool\proj.win32\debug.win32\qr_encode.obj
f:\work\cocos\lcocostool\proj.win32\debug.win32\toolglobal.obj
f:\work\cocos\lcocostool\proj.win32\debug.win32\vc120.pdb
f:\work\cocos\lcocostool\proj.win32\debug.win32\vc120.idb
f:\work\cocos\lcocostool\proj.win32\debug.win32\toast.obj
f:\work\cocos\lcocostool\proj.win32\lcocostool.cab
f:\work\cocos\magictower\lmagictower\proj.win32\debug.win32\lcocostool.lib
f:\work\cocos\lcocostool\proj.win32\debug.win32\game.res
f:\work\cocos\lcocostool\proj.win32\debug.win32\lcocostool.tlog\cl.command.1.tlog
f:\work\cocos\lcocostool\proj.win32\debug.win32\lcocostool.tlog\cl.read.1.tlog
f:\work\cocos\lcocostool\proj.win32\debug.win32\lcocostool.tlog\cl.write.1.tlog
f:\work\cocos\lcocostool\proj.win32\debug.win32\lcocostool.tlog\lcocostool.write.1u.tlog
f:\work\cocos\lcocostool\proj.win32\debug.win32\lcocostool.tlog\lib-link-cvtres.read.1.tlog
f:\work\cocos\lcocostool\proj.win32\debug.win32\lcocostool.tlog\lib-link-cvtres.write.1.tlog
f:\work\cocos\lcocostool\proj.win32\debug.win32\lcocostool.tlog\lib.command.1.tlog
f:\work\cocos\lcocostool\proj.win32\debug.win32\lcocostool.tlog\rc.command.1.tlog
f:\work\cocos\lcocostool\proj.win32\debug.win32\lcocostool.tlog\rc.read.1.tlog
f:\work\cocos\lcocostool\proj.win32\debug.win32\lcocostool.tlog\rc.write.1.tlog
